# JRE version: OpenJDK Runtime Environment Temurin-17.0.10+7 (17.0.10+7) (build 17.0.10+7)
# Java VM: OpenJDK 64-Bit Server VM Temurin-17.0.10+7 (17.0.10+7, mixed mode, emulated-client, tiered, compressed oops, compressed class ptrs, g1 gc, windows-amd64)
GC Precious Log:
 CPUs: 4 total, 4 available
 Memory: 12221M
 Large Page Support: Disabled
 NUMA Support: Disabled
 Compressed Oops: Enabled (32-bit)
 Heap Region Size: 1M
 Heap Min Capacity: 8M
 Heap Initial Capacity: 192M
 Heap Max Capacity: 1G
 Pre-touch: Disabled
 Parallel Workers: 4
 Concurrent Workers: 1
 Concurrent Refinement Workers: 4
 Periodic GC: Disabled
Heap:
 garbage-first heap   total 112640K, used 33732K [0x00000000c0000000, 0x0000000100000000)
  region size 1024K, 1 young (1024K), 0 survivors (0K)
 Metaspace       used 61080K, committed 61568K, reserved 1114112K
  class space    used 7693K, committed 7936K, reserved 1048576K
GC Heap History (20 events):
Event: 10013.834 GC heap before
{Heap before GC invocations=843 (full 781):
 garbage-first heap   total 112640K, used 33732K [0x00000000c0000000, 0x0000000100000000)
  region size 1024K, 1 young (1024K), 0 survivors (0K)
 Metaspace       used 61080K, committed 61568K, reserved 1114112K
  class space    used 7693K, committed 7936K, reserved 1048576K
}
Event: 10013.897 GC heap after
{Heap after GC invocations=844 (full 782):
 garbage-first heap   total 112640K, used 33732K [0x00000000c0000000, 0x0000000100000000)
  region size 1024K, 0 young (0K), 0 survivors (0K)
 Metaspace       used 61080K, committed 61568K, reserved 1114112K
  class space    used 7693K, committed 7936K, reserved 1048576K
}
Event: 10024.065 GC heap before
{Heap before GC invocations=844 (full 782):
 garbage-first heap   total 112640K, used 33732K [0x00000000c0000000, 0x0000000100000000)
  region size 1024K, 1 young (1024K), 0 survivors (0K)
 Metaspace       used 61080K, committed 61568K, reserved 1114112K
  class space    used 7693K, committed 7936K, reserved 1048576K
}
Event: 10024.125 GC heap after
{Heap after GC invocations=845 (full 783):
 garbage-first heap   total 112640K, used 33732K [0x00000000c0000000, 0x0000000100000000)
  region size 1024K, 0 young (0K), 0 survivors (0K)
 Metaspace       used 61080K, committed 61568K, reserved 1114112K
  class space    used 7693K, committed 7936K, reserved 1048576K
}
Event: 10034.317 GC heap before
{Heap before GC invocations=845 (full 783):
 garbage-first heap   total 112640K, used 33732K [0x00000000c0000000, 0x0000000100000000)
  region size 1024K, 1 young (1024K), 0 survivors (0K)
 Metaspace       used 61080K, committed 61568K, reserved 1114112K
  class space    used 7693K, committed 7936K, reserved 1048576K
}
Event: 10034.381 GC heap after
{Heap after GC invocations=846 (full 784):
 garbage-first heap   total 112640K, used 33732K [0x00000000c0000000, 0x0000000100000000)
  region size 1024K, 0 young (0K), 0 survivors (0K)
 Metaspace       used 61080K, committed 61568K, reserved 1114112K
  class space    used 7693K, committed 7936K, reserved 1048576K
}
Event: 10044.522 GC heap before
{Heap before GC invocations=846 (full 784):
 garbage-first heap   total 112640K, used 33732K [0x00000000c0000000, 0x0000000100000000)
  region size 1024K, 1 young (1024K), 0 survivors (0K)
 Metaspace       used 61080K, committed 61568K, reserved 1114112K
  class space    used 7693K, committed 7936K, reserved 1048576K
}
Event: 10044.592 GC heap after
{Heap after GC invocations=847 (full 785):
 garbage-first heap   total 112640K, used 33732K [0x00000000c0000000, 0x0000000100000000)
  region size 1024K, 0 young (0K), 0 survivors (0K)
 Metaspace       used 61080K, committed 61568K, reserved 1114112K
  class space    used 7693K, committed 7936K, reserved 1048576K
}
Event: 10054.776 GC heap before
{Heap before GC invocations=847 (full 785):
 garbage-first heap   total 112640K, used 33732K [0x00000000c0000000, 0x0000000100000000)
  region size 1024K, 1 young (1024K), 0 survivors (0K)
 Metaspace       used 61080K, committed 61568K, reserved 1114112K
  class space    used 7693K, committed 7936K, reserved 1048576K
}
Event: 10054.834 GC heap after
{Heap after GC invocations=848 (full 786):
 garbage-first heap   total 112640K, used 33732K [0x00000000c0000000, 0x0000000100000000)
  region size 1024K, 0 young (0K), 0 survivors (0K)
 Metaspace       used 61080K, committed 61568K, reserved 1114112K
  class space    used 7693K, committed 7936K, reserved 1048576K
}
Event: 10064.975 GC heap before
{Heap before GC invocations=848 (full 786):
 garbage-first heap   total 112640K, used 33732K [0x00000000c0000000, 0x0000000100000000)
  region size 1024K, 1 young (1024K), 0 survivors (0K)
 Metaspace       used 61080K, committed 61568K, reserved 1114112K
  class space    used 7693K, committed 7936K, reserved 1048576K
}
Event: 10065.027 GC heap after
{Heap after GC invocations=849 (full 787):
 garbage-first heap   total 112640K, used 33732K [0x00000000c0000000, 0x0000000100000000)
  region size 1024K, 0 young (0K), 0 survivors (0K)
 Metaspace       used 61080K, committed 61568K, reserved 1114112K
  class space    used 7693K, committed 7936K, reserved 1048576K
}
Event: 10075.179 GC heap before
{Heap before GC invocations=849 (full 787):
 garbage-first heap   total 112640K, used 33732K [0x00000000c0000000, 0x0000000100000000)
  region size 1024K, 1 young (1024K), 0 survivors (0K)
 Metaspace       used 61080K, committed 61568K, reserved 1114112K
  class space    used 7693K, committed 7936K, reserved 1048576K
}
Event: 10075.227 GC heap after
{Heap after GC invocations=850 (full 788):
 garbage-first heap   total 112640K, used 33732K [0x00000000c0000000, 0x0000000100000000)
  region size 1024K, 0 young (0K), 0 survivors (0K)
 Metaspace       used 61080K, committed 61568K, reserved 1114112K
  class space    used 7693K, committed 7936K, reserved 1048576K
}
Event: 10085.366 GC heap before
{Heap before GC invocations=850 (full 788):
 garbage-first heap   total 112640K, used 33732K [0x00000000c0000000, 0x0000000100000000)
  region size 1024K, 1 young (1024K), 0 survivors (0K)
 Metaspace       used 61080K, committed 61568K, reserved 1114112K
  class space    used 7693K, committed 7936K, reserved 1048576K
}
Event: 10085.415 GC heap after
{Heap after GC invocations=851 (full 789):
 garbage-first heap   total 112640K, used 33732K [0x00000000c0000000, 0x0000000100000000)
  region size 1024K, 0 young (0K), 0 survivors (0K)
 Metaspace       used 61080K, committed 61568K, reserved 1114112K
  class space    used 7693K, committed 7936K, reserved 1048576K
}
Event: 10095.581 GC heap before
{Heap before GC invocations=851 (full 789):
 garbage-first heap   total 112640K, used 33732K [0x00000000c0000000, 0x0000000100000000)
  region size 1024K, 1 young (1024K), 0 survivors (0K)
 Metaspace       used 61080K, committed 61568K, reserved 1114112K
  class space    used 7693K, committed 7936K, reserved 1048576K
}
Event: 10095.643 GC heap after
{Heap after GC invocations=852 (full 790):
 garbage-first heap   total 112640K, used 33732K [0x00000000c0000000, 0x0000000100000000)
  region size 1024K, 0 young (0K), 0 survivors (0K)
 Metaspace       used 61080K, committed 61568K, reserved 1114112K
  class space    used 7693K, committed 7936K, reserved 1048576K
}
Event: 10105.830 GC heap before
{Heap before GC invocations=852 (full 790):
 garbage-first heap   total 112640K, used 33732K [0x00000000c0000000, 0x0000000100000000)
  region size 1024K, 1 young (1024K), 0 survivors (0K)
 Metaspace       used 61080K, committed 61568K, reserved 1114112K
  class space    used 7693K, committed 7936K, reserved 1048576K
}
Event: 10105.901 GC heap after
{Heap after GC invocations=853 (full 791):
 garbage-first heap   total 112640K, used 33732K [0x00000000c0000000, 0x0000000100000000)
  region size 1024K, 0 young (0K), 0 survivors (0K)
 Metaspace       used 61080K, committed 61568K, reserved 1114112K
  class space    used 7693K, committed 7936K, reserved 1048576K
}

